Daemon process terminated and closed the connection

Messages from the log:
[NX Daemon Server] - 2024-03-02T10:51:45.959Z - Handled REQUEST_PROJECT_GRAPH. Handling time: 0. Response time: 3.
[NX Daemon Server] - 2024-03-02T10:52:09.473Z - [WATCHER]: Processing file changes in outputs
[NX Daemon Server] - 2024-03-02T10:52:36.696Z - [WATCHER]: Processing file changes in outputs
[NX Daemon Server] - 2024-03-02T10:52:36.697Z - [WATCHER]: package.json was modified
[NX Daemon Server] - 2024-03-02T10:52:36.698Z - [REQUEST]: Responding to the client. File watch changed
[NX Daemon Server] - 2024-03-02T10:52:36.698Z - Time taken for 'changed-projects' 0.22329999999783468ms
[NX Daemon Server] - 2024-03-02T10:52:36.698Z - Done responding to the client File watch changed
[NX Daemon Server] - 2024-03-02T10:52:36.698Z - Handled FILE-WATCH-CHANGED. Handling time: 0. Response time: 0.
[NX Daemon Server] - 2024-03-02T10:52:36.805Z - [REQUEST]: Updated workspace context based on watched changes, recomputing project graph...
[NX Daemon Server] - 2024-03-02T10:52:36.805Z - [REQUEST]: package.json
[NX Daemon Server] - 2024-03-02T10:52:36.805Z - [REQUEST]: 
[NX Daemon Server] - 2024-03-02T10:52:37.727Z - [WATCHER]: Processing file changes in outputs
[NX Daemon Server] - 2024-03-02T10:52:37.727Z - [WATCHER]: Processing file changes in outputs
[NX Daemon Server] - 2024-03-02T10:52:37.730Z - [WATCHER]: package-lock.json was modified
[NX Daemon Server] - 2024-03-02T10:52:37.730Z - [REQUEST]: Responding to the client. File watch changed
[NX Daemon Server] - 2024-03-02T10:52:37.731Z - [REQUEST]: Client Request for Project Graph Received
[NX Daemon Server] - 2024-03-02T10:52:37.732Z - [REQUEST]: Updated workspace context based on watched changes, recomputing project graph...
[NX Daemon Server] - 2024-03-02T10:52:37.732Z - [REQUEST]: package-lock.json
[NX Daemon Server] - 2024-03-02T10:52:37.732Z - [REQUEST]: 



More information: C:\Users\Gil-PC\Desktop\e-commerce\frontend\.nx\cache\d\daemon.log